<?xml version="1.0" encoding="UTF-8"?>
<!-- Generated by org.testng.reporters.JUnitReportReporter -->
<testsuite skipped="0" hostname="DESKTOP-OB1OE1J" name="com.nitara.CattleManagement.RegisterCalf" tests="1" failures="0" timestamp="2021-08-29T23:40:15 IST" time="41.681" errors="0">
  <testcase name="RegisterCattle_Calf" time="41.681" classname="com.nitara.CattleManagement.RegisterCalf"/>
  <system-out/>
</testsuite> <!-- com.nitara.CattleManagement.RegisterCalf -->
