<?xml version="1.0" encoding="UTF-8"?>
<!-- Generated by org.testng.reporters.JUnitReportReporter -->
<testsuite skipped="0" hostname="DESKTOP-OB1OE1J" name="com.nitara.BreedingManagement.AddInsemination" tests="2" failures="0" timestamp="2021-08-27T14:57:30 IST" time="143.458" errors="0">
  <testcase name="AddInsemination_ValidData" time="73.145" classname="com.nitara.BreedingManagement.AddInsemination"/>
  <system-out/>
  <testcase name="AddInsemination_ValidData" time="70.313" classname="com.nitara.BreedingManagement.AddInsemination"/>
  <system-out/>
</testsuite> <!-- com.nitara.BreedingManagement.AddInsemination -->
