<?xml version="1.0" encoding="UTF-8"?>
<!-- Generated by org.testng.reporters.JUnitReportReporter -->
<testsuite skipped="0" hostname="DESKTOP-OB1OE1J" name="com.nitara.BreedingManagement.AddDryPeriod" tests="1" failures="0" timestamp="2021-08-29T23:40:15 IST" time="94.528" errors="0">
  <testcase name="AddDryPeriod_ValidData" time="94.528" classname="com.nitara.BreedingManagement.AddDryPeriod"/>
  <system-out/>
</testsuite> <!-- com.nitara.BreedingManagement.AddDryPeriod -->
