<?xml version="1.0" encoding="UTF-8"?>
<!-- Generated by org.testng.reporters.JUnitReportReporter -->
<testsuite skipped="0" hostname="DESKTOP-OB1OE1J" name="com.nitara.CattleManagement.RegisterHeifer" tests="3" failures="0" timestamp="2021-08-29T23:40:15 IST" time="165.202" errors="0">
  <testcase name="RegisterCattle_Heifer" time="49.338" classname="com.nitara.CattleManagement.RegisterHeifer"/>
  <system-out/>
  <testcase name="RegisterCattle_Heifer" time="57.722" classname="com.nitara.CattleManagement.RegisterHeifer"/>
  <system-out/>
  <testcase name="RegisterCattle_Heifer" time="58.142" classname="com.nitara.CattleManagement.RegisterHeifer"/>
  <system-out/>
</testsuite> <!-- com.nitara.CattleManagement.RegisterHeifer -->
