<?xml version="1.0" encoding="UTF-8"?>
<!-- Generated by org.testng.reporters.JUnitReportReporter -->
<testsuite skipped="0" hostname="DESKTOP-OB1OE1J" name="com.nitara.AccountManagement.UserLogin" tests="1" failures="0" timestamp="2021-08-29T23:40:15 IST" time="22.512" errors="0">
  <testcase name="userLogin" time="22.512" classname="com.nitara.AccountManagement.UserLogin"/>
  <system-out/>
</testsuite> <!-- com.nitara.AccountManagement.UserLogin -->
