<?xml version="1.0" encoding="UTF-8"?>
<!-- Generated by org.testng.reporters.JUnitReportReporter -->
<testsuite skipped="0" hostname="DESKTOP-OB1OE1J" name="com.nitara.AccountManagement.RegisterFarm" tests="1" failures="0" timestamp="2021-07-08T17:51:50 IST" time="53.807" errors="0">
  <testcase name="registerFarm" time="53.807" classname="com.nitara.AccountManagement.RegisterFarm"/>
  <system-out/>
</testsuite> <!-- com.nitara.AccountManagement.RegisterFarm -->
