<?xml version="1.0" encoding="UTF-8"?>
<!-- Generated by org.testng.reporters.JUnitReportReporter -->
<testsuite skipped="0" hostname="DESKTOP-OB1OE1J" name="com.nitara.Helper.GenerateRandomData" tests="1" failures="0" timestamp="2021-08-27T08:59:25 IST" time="0.011" errors="0">
  <testcase name="getPastDate" time="0.011" classname="com.nitara.Helper.GenerateRandomData"/>
  <system-out/>
</testsuite> <!-- com.nitara.Helper.GenerateRandomData -->
