<?xml version="1.0" encoding="UTF-8"?>
<!-- Generated by org.testng.reporters.JUnitReportReporter -->
<testsuite skipped="1" hostname="DESKTOP-OB1OE1J" name="com.nitara.BreedingManagement.AddPD" tests="1" failures="0" timestamp="2021-08-26T13:59:42 IST" time="0.000" errors="0">
  <testcase name="AddPD_ValidData" time="0.000" classname="com.nitara.BreedingManagement.AddPD">
    <skipped/>
  </testcase> <!-- AddPD_ValidData -->
  <system-out/>
</testsuite> <!-- com.nitara.BreedingManagement.AddPD -->
