<?xml version="1.0" encoding="UTF-8"?>
<!-- Generated by org.testng.reporters.JUnitReportReporter -->
<testsuite skipped="0" hostname="DESKTOP-OB1OE1J" name="com.nitara.CattleManagement.RegisterBull" tests="1" failures="0" timestamp="2021-12-13T07:39:19 IST" time="29.126" errors="0">
  <testcase name="RegisterCattle_Bull" time="29.126" classname="com.nitara.CattleManagement.RegisterBull"/>
  <system-out/>
</testsuite> <!-- com.nitara.CattleManagement.RegisterBull -->
